<?xml version="1.0" encoding="UTF-8"?>
<testng-results skipped="0" failed="0" ignored="0" total="1" passed="1">
  <reporter-output>
  </reporter-output>
  <suite name="selenium.ng.tests.jal.testsCases.Booking001Test" duration-ms="34997" started-at="2019-02-20T15:22:38Z" finished-at="2019-02-20T15:23:13Z">
    <groups>
    </groups>
    <test name="Command line test" duration-ms="34997" started-at="2019-02-20T15:22:38Z" finished-at="2019-02-20T15:23:13Z">
      <class name="selenium.ng.tests.jal.testsCases.Booking001Test">
        <test-method status="PASS" signature="setUpDriver()[pri:0, instance:selenium.ng.tests.jal.testsCases.Booking001Test@4157f54e]" name="setUpDriver" is-config="true" duration-ms="4380" started-at="2019-02-20T15:22:38Z" finished-at="2019-02-20T15:22:42Z">
          <reporter-output>
          </reporter-output>
        </test-method> <!-- setUpDriver -->
        <test-method status="PASS" signature="normalFlow()[pri:0, instance:selenium.ng.tests.jal.testsCases.Booking001Test@4157f54e]" name="normalFlow" duration-ms="20491" started-at="2019-02-20T15:22:42Z" finished-at="2019-02-20T15:23:02Z">
          <reporter-output>
          </reporter-output>
        </test-method> <!-- normalFlow -->
        <test-method status="PASS" signature="closeDriver()[pri:0, instance:selenium.ng.tests.jal.testsCases.Booking001Test@4157f54e]" name="closeDriver" is-config="true" duration-ms="10102" started-at="2019-02-20T15:23:02Z" finished-at="2019-02-20T15:23:13Z">
          <reporter-output>
          </reporter-output>
        </test-method> <!-- closeDriver -->
      </class> <!-- selenium.ng.tests.jal.testsCases.Booking001Test -->
    </test> <!-- Command line test -->
  </suite> <!-- selenium.ng.tests.jal.testsCases.Booking001Test -->
</testng-results>
